Started POST "/login" for 127.0.0.1 at 2019-03-05 14:36:51 -0500
  [1m[35m (0.5ms)[0m  [1m[34mSELECT "schema_migrations"."version" FROM "schema_migrations" ORDER BY "schema_migrations"."version" ASC[0m
  ↳ /Users/c/.rbenv/versions/2.6.1/lib/ruby/gems/2.6.0/gems/activerecord-5.2.2/lib/active_record/log_subscriber.rb:98
  
ActiveRecord::PendingMigrationError (

Migrations are pending. To resolve this issue, run:

        bin/rails db:migrate RAILS_ENV=development

):
  
activerecord (5.2.2) lib/active_record/migration.rb:579:in `check_pending!'
activerecord (5.2.2) lib/active_record/migration.rb:556:in `call'
actionpack (5.2.2) lib/action_dispatch/middleware/callbacks.rb:28:in `block in call'
activesupport (5.2.2) lib/active_support/callbacks.rb:98:in `run_callbacks'
actionpack (5.2.2) lib/action_dispatch/middleware/callbacks.rb:26:in `call'
actionpack (5.2.2) lib/action_dispatch/middleware/executor.rb:14:in `call'
actionpack (5.2.2) lib/action_dispatch/middleware/debug_exceptions.rb:61:in `call'
actionpack (5.2.2) lib/action_dispatch/middleware/show_exceptions.rb:33:in `call'
railties (5.2.2) lib/rails/rack/logger.rb:38:in `call_app'
railties (5.2.2) lib/rails/rack/logger.rb:26:in `block in call'
activesupport (5.2.2) lib/active_support/tagged_logging.rb:71:in `block in tagged'
activesupport (5.2.2) lib/active_support/tagged_logging.rb:28:in `tagged'
activesupport (5.2.2) lib/active_support/tagged_logging.rb:71:in `tagged'
railties (5.2.2) lib/rails/rack/logger.rb:26:in `call'
actionpack (5.2.2) lib/action_dispatch/middleware/remote_ip.rb:81:in `call'
actionpack (5.2.2) lib/action_dispatch/middleware/request_id.rb:27:in `call'
rack (2.0.6) lib/rack/runtime.rb:22:in `call'
activesupport (5.2.2) lib/active_support/cache/strategy/local_cache_middleware.rb:29:in `call'
actionpack (5.2.2) lib/action_dispatch/middleware/executor.rb:14:in `call'
actionpack (5.2.2) lib/action_dispatch/middleware/static.rb:127:in `call'
rack (2.0.6) lib/rack/sendfile.rb:111:in `call'
rack-cors (1.0.2) lib/rack/cors.rb:97:in `call'
railties (5.2.2) lib/rails/engine.rb:524:in `call'
puma (3.12.0) lib/puma/configuration.rb:225:in `call'
puma (3.12.0) lib/puma/server.rb:658:in `handle_request'
puma (3.12.0) lib/puma/server.rb:472:in `process_client'
puma (3.12.0) lib/puma/server.rb:332:in `block in run'
puma (3.12.0) lib/puma/thread_pool.rb:133:in `block in spawn_thread'
  [1m[35m (0.6ms)[0m  [1m[34mSELECT pg_try_advisory_lock(8599257127016364270)[0m
  ↳ bin/rails:9
  [1m[35m (0.6ms)[0m  [1m[34mSELECT "schema_migrations"."version" FROM "schema_migrations" ORDER BY "schema_migrations"."version" ASC[0m
  ↳ bin/rails:9
Migrating to CreateMessages (20190305140132)
  [1m[35m (0.2ms)[0m  [1m[35mBEGIN[0m
  ↳ bin/rails:9
  [1m[35m (26.1ms)[0m  [1m[35mCREATE TABLE "messages" ("id" bigserial primary key, "sent_name" character varying, "sent_user" character varying, "sent_id" integer, "message" character varying, "user_id" bigint, "created_at" timestamp NOT NULL, "updated_at" timestamp NOT NULL)[0m
  ↳ db/migrate/20190305140132_create_messages.rb:3
  [1m[35m (1.3ms)[0m  [1m[35mCREATE  INDEX  "index_messages_on_user_id" ON "messages"  ("user_id")[0m
  ↳ db/migrate/20190305140132_create_messages.rb:3
  [1m[36mActiveRecord::SchemaMigration Create (0.3ms)[0m  [1m[32mINSERT INTO "schema_migrations" ("version") VALUES ($1) RETURNING "version"[0m  [["version", "20190305140132"]]
  ↳ bin/rails:9
  [1m[35m (0.8ms)[0m  [1m[35mCOMMIT[0m
  ↳ bin/rails:9
  [1m[36mActiveRecord::InternalMetadata Load (1.1ms)[0m  [1m[34mSELECT  "ar_internal_metadata".* FROM "ar_internal_metadata" WHERE "ar_internal_metadata"."key" = $1 LIMIT $2[0m  [["key", "environment"], ["LIMIT", 1]]
  ↳ bin/rails:9
  [1m[35m (0.2ms)[0m  [1m[35mBEGIN[0m
  ↳ bin/rails:9
  [1m[35m (0.1ms)[0m  [1m[35mCOMMIT[0m
  ↳ bin/rails:9
  [1m[35m (0.2ms)[0m  [1m[34mSELECT pg_advisory_unlock(8599257127016364270)[0m
  ↳ bin/rails:9
  [1m[35m (0.2ms)[0m  [1m[34mSELECT "schema_migrations"."version" FROM "schema_migrations" ORDER BY "schema_migrations"."version" ASC[0m
  ↳ bin/rails:9
Started POST "/login" for 127.0.0.1 at 2019-03-05 14:37:31 -0500
  [1m[35m (0.6ms)[0m  [1m[34mSELECT "schema_migrations"."version" FROM "schema_migrations" ORDER BY "schema_migrations"."version" ASC[0m
  ↳ /Users/c/.rbenv/versions/2.6.1/lib/ruby/gems/2.6.0/gems/activerecord-5.2.2/lib/active_record/log_subscriber.rb:98
Processing by SessionsController#create as HTML
  Parameters: {"username"=>"caleb", "password"=>"[FILTERED]", "session"=>{"username"=>"caleb", "password"=>"[FILTERED]"}}
  [1m[36mUser Load (1.4ms)[0m  [1m[34mSELECT  "users".* FROM "users" WHERE "users"."username" = $1 LIMIT $2[0m  [["username", "caleb"], ["LIMIT", 1]]
  ↳ app/models/user.rb:20
  [1m[35m (0.4ms)[0m  [1m[35mBEGIN[0m
  ↳ app/controllers/sessions_controller.rb:26
  [1m[36mUser Exists (0.4ms)[0m  [1m[34mSELECT  1 AS one FROM "users" WHERE "users"."username" = $1 AND "users"."id" != $2 LIMIT $3[0m  [["username", "caleb"], ["id", 2], ["LIMIT", 1]]
  ↳ app/controllers/sessions_controller.rb:26
  [1m[36mUser Update (0.4ms)[0m  [1m[33mUPDATE "users" SET "auth_token" = $1, "updated_at" = $2 WHERE "users"."id" = $3[0m  [["auth_token", "zC8q1VG7eqvfvFsv4NN24TAz"], ["updated_at", "2019-03-05 19:37:31.617876"], ["id", 2]]
  ↳ app/controllers/sessions_controller.rb:26
  [1m[35m (1.1ms)[0m  [1m[35mCOMMIT[0m
  ↳ app/controllers/sessions_controller.rb:26
Completed 200 OK in 106ms (Views: 0.3ms | ActiveRecord: 8.9ms)


Started GET "/posts" for 127.0.0.1 at 2019-03-05 14:37:39 -0500
Processing by PostsController#index as */*
  [1m[36mPost Load (0.7ms)[0m  [1m[34mSELECT "posts".* FROM "posts"[0m
  ↳ app/controllers/posts_controller.rb:6
Completed 200 OK in 18ms (Views: 9.5ms | ActiveRecord: 3.9ms)


Started GET "/profile" for 127.0.0.1 at 2019-03-05 14:37:42 -0500
Processing by UsersController#profile as */*
  [1m[36mUser Load (0.4ms)[0m  [1m[34mSELECT  "users".* FROM "users" WHERE "users"."auth_token" = $1 LIMIT $2[0m  [["auth_token", "zC8q1VG7eqvfvFsv4NN24TAz"], ["LIMIT", 1]]
  ↳ app/controllers/api_controller.rb:21
  [1m[36mCACHE User Load (0.1ms)[0m  [1m[34mSELECT  "users".* FROM "users" WHERE "users"."auth_token" = $1 LIMIT $2[0m  [["auth_token", "zC8q1VG7eqvfvFsv4NN24TAz"], ["LIMIT", 1]]
  ↳ app/controllers/users_controller.rb:10
  [1m[36mPost Load (0.7ms)[0m  [1m[34mSELECT "posts".* FROM "posts" WHERE "posts"."user_id" = $1[0m  [["user_id", 2]]
  ↳ app/controllers/users_controller.rb:12
Completed 200 OK in 35ms (Views: 13.7ms | ActiveRecord: 1.2ms)


Started GET "/profile" for 127.0.0.1 at 2019-03-05 14:37:45 -0500
Processing by UsersController#profile as */*
  [1m[36mUser Load (0.2ms)[0m  [1m[34mSELECT  "users".* FROM "users" WHERE "users"."auth_token" = $1 LIMIT $2[0m  [["auth_token", "zC8q1VG7eqvfvFsv4NN24TAz"], ["LIMIT", 1]]
  ↳ app/controllers/api_controller.rb:21
  [1m[36mCACHE User Load (0.0ms)[0m  [1m[34mSELECT  "users".* FROM "users" WHERE "users"."auth_token" = $1 LIMIT $2[0m  [["auth_token", "zC8q1VG7eqvfvFsv4NN24TAz"], ["LIMIT", 1]]
  ↳ app/controllers/users_controller.rb:10
  [1m[36mPost Load (0.3ms)[0m  [1m[34mSELECT "posts".* FROM "posts" WHERE "posts"."user_id" = $1[0m  [["user_id", 2]]
  ↳ app/controllers/users_controller.rb:12
Completed 200 OK in 3ms (Views: 1.3ms | ActiveRecord: 0.5ms)


Started GET "/profile" for 127.0.0.1 at 2019-03-05 14:37:46 -0500
Processing by UsersController#profile as */*
  [1m[36mUser Load (0.3ms)[0m  [1m[34mSELECT  "users".* FROM "users" WHERE "users"."auth_token" = $1 LIMIT $2[0m  [["auth_token", "zC8q1VG7eqvfvFsv4NN24TAz"], ["LIMIT", 1]]
  ↳ app/controllers/api_controller.rb:21
  [1m[36mCACHE User Load (0.0ms)[0m  [1m[34mSELECT  "users".* FROM "users" WHERE "users"."auth_token" = $1 LIMIT $2[0m  [["auth_token", "zC8q1VG7eqvfvFsv4NN24TAz"], ["LIMIT", 1]]
  ↳ app/controllers/users_controller.rb:10
  [1m[36mPost Load (0.2ms)[0m  [1m[34mSELECT "posts".* FROM "posts" WHERE "posts"."user_id" = $1[0m  [["user_id", 2]]
  ↳ app/controllers/users_controller.rb:12
Completed 200 OK in 4ms (Views: 1.6ms | ActiveRecord: 0.6ms)


Started GET "/posts" for 127.0.0.1 at 2019-03-05 14:37:47 -0500
Processing by PostsController#index as */*
  [1m[36mPost Load (0.5ms)[0m  [1m[34mSELECT "posts".* FROM "posts"[0m
  ↳ app/controllers/posts_controller.rb:6
Completed 200 OK in 4ms (Views: 2.9ms | ActiveRecord: 0.5ms)


Started GET "/posts" for 127.0.0.1 at 2019-03-05 14:37:51 -0500
Processing by PostsController#index as */*
  [1m[36mPost Load (0.3ms)[0m  [1m[34mSELECT "posts".* FROM "posts"[0m
  ↳ app/controllers/posts_controller.rb:6
Completed 200 OK in 2ms (Views: 1.7ms | ActiveRecord: 0.3ms)


Started GET "/profile" for 127.0.0.1 at 2019-03-05 14:38:05 -0500
Processing by UsersController#profile as */*
  [1m[36mUser Load (0.3ms)[0m  [1m[34mSELECT  "users".* FROM "users" WHERE "users"."auth_token" = $1 LIMIT $2[0m  [["auth_token", "zC8q1VG7eqvfvFsv4NN24TAz"], ["LIMIT", 1]]
  ↳ app/controllers/api_controller.rb:21
  [1m[36mCACHE User Load (0.0ms)[0m  [1m[34mSELECT  "users".* FROM "users" WHERE "users"."auth_token" = $1 LIMIT $2[0m  [["auth_token", "zC8q1VG7eqvfvFsv4NN24TAz"], ["LIMIT", 1]]
  ↳ app/controllers/users_controller.rb:10
  [1m[36mPost Load (0.3ms)[0m  [1m[34mSELECT "posts".* FROM "posts" WHERE "posts"."user_id" = $1[0m  [["user_id", 2]]
  ↳ app/controllers/users_controller.rb:12
Completed 200 OK in 5ms (Views: 2.0ms | ActiveRecord: 0.6ms)


Started GET "/profile" for 127.0.0.1 at 2019-03-05 14:38:14 -0500
Processing by UsersController#profile as */*
  [1m[36mUser Load (0.4ms)[0m  [1m[34mSELECT  "users".* FROM "users" WHERE "users"."auth_token" = $1 LIMIT $2[0m  [["auth_token", "zC8q1VG7eqvfvFsv4NN24TAz"], ["LIMIT", 1]]
  ↳ app/controllers/api_controller.rb:21
  [1m[36mCACHE User Load (0.0ms)[0m  [1m[34mSELECT  "users".* FROM "users" WHERE "users"."auth_token" = $1 LIMIT $2[0m  [["auth_token", "zC8q1VG7eqvfvFsv4NN24TAz"], ["LIMIT", 1]]
  ↳ app/controllers/users_controller.rb:10
  [1m[36mPost Load (0.3ms)[0m  [1m[34mSELECT "posts".* FROM "posts" WHERE "posts"."user_id" = $1[0m  [["user_id", 2]]
  ↳ app/controllers/users_controller.rb:12
Completed 200 OK in 4ms (Views: 1.7ms | ActiveRecord: 0.6ms)


Started DELETE "/posts/59" for 127.0.0.1 at 2019-03-05 14:38:17 -0500
Processing by PostsController#delete as HTML
  Parameters: {"id"=>"59", "post"=>{}}
  [1m[36mUser Load (0.2ms)[0m  [1m[34mSELECT  "users".* FROM "users" WHERE "users"."auth_token" = $1 LIMIT $2[0m  [["auth_token", "zC8q1VG7eqvfvFsv4NN24TAz"], ["LIMIT", 1]]
  ↳ app/controllers/api_controller.rb:21
  [1m[36mPost Load (0.2ms)[0m  [1m[34mSELECT  "posts".* FROM "posts" WHERE "posts"."id" = $1 LIMIT $2[0m  [["id", 59], ["LIMIT", 1]]
  ↳ app/controllers/posts_controller.rb:33
  [1m[35m (0.1ms)[0m  [1m[35mBEGIN[0m
  ↳ app/controllers/posts_controller.rb:33
  [1m[36mPost Destroy (0.3ms)[0m  [1m[31mDELETE FROM "posts" WHERE "posts"."id" = $1[0m  [["id", 59]]
  ↳ app/controllers/posts_controller.rb:33
  [1m[35m (1.1ms)[0m  [1m[35mCOMMIT[0m
  ↳ app/controllers/posts_controller.rb:33
Completed 200 OK in 5ms (Views: 0.1ms | ActiveRecord: 1.9ms)


Started DELETE "/posts/60" for 127.0.0.1 at 2019-03-05 14:38:19 -0500
Processing by PostsController#delete as HTML
  Parameters: {"id"=>"60", "post"=>{}}
  [1m[36mUser Load (0.2ms)[0m  [1m[34mSELECT  "users".* FROM "users" WHERE "users"."auth_token" = $1 LIMIT $2[0m  [["auth_token", "zC8q1VG7eqvfvFsv4NN24TAz"], ["LIMIT", 1]]
  ↳ app/controllers/api_controller.rb:21
  [1m[36mPost Load (0.2ms)[0m  [1m[34mSELECT  "posts".* FROM "posts" WHERE "posts"."id" = $1 LIMIT $2[0m  [["id", 60], ["LIMIT", 1]]
  ↳ app/controllers/posts_controller.rb:33
  [1m[35m (0.1ms)[0m  [1m[35mBEGIN[0m
  ↳ app/controllers/posts_controller.rb:33
  [1m[36mPost Destroy (0.2ms)[0m  [1m[31mDELETE FROM "posts" WHERE "posts"."id" = $1[0m  [["id", 60]]
  ↳ app/controllers/posts_controller.rb:33
  [1m[35m (1.0ms)[0m  [1m[35mCOMMIT[0m
  ↳ app/controllers/posts_controller.rb:33
Completed 200 OK in 4ms (Views: 0.1ms | ActiveRecord: 1.7ms)


Started GET "/profile" for 127.0.0.1 at 2019-03-05 14:39:06 -0500
Processing by UsersController#profile as */*
  [1m[36mUser Load (0.2ms)[0m  [1m[34mSELECT  "users".* FROM "users" WHERE "users"."auth_token" = $1 LIMIT $2[0m  [["auth_token", "zC8q1VG7eqvfvFsv4NN24TAz"], ["LIMIT", 1]]
  ↳ app/controllers/api_controller.rb:21
  [1m[36mCACHE User Load (0.0ms)[0m  [1m[34mSELECT  "users".* FROM "users" WHERE "users"."auth_token" = $1 LIMIT $2[0m  [["auth_token", "zC8q1VG7eqvfvFsv4NN24TAz"], ["LIMIT", 1]]
  ↳ app/controllers/users_controller.rb:10
  [1m[36mPost Load (0.2ms)[0m  [1m[34mSELECT "posts".* FROM "posts" WHERE "posts"."user_id" = $1[0m  [["user_id", 2]]
  ↳ app/controllers/users_controller.rb:12
Completed 200 OK in 3ms (Views: 0.8ms | ActiveRecord: 0.5ms)


Started GET "/profile" for 127.0.0.1 at 2019-03-05 14:39:07 -0500
Processing by UsersController#profile as */*
  [1m[36mUser Load (0.3ms)[0m  [1m[34mSELECT  "users".* FROM "users" WHERE "users"."auth_token" = $1 LIMIT $2[0m  [["auth_token", "zC8q1VG7eqvfvFsv4NN24TAz"], ["LIMIT", 1]]
  ↳ app/controllers/api_controller.rb:21
  [1m[36mCACHE User Load (0.0ms)[0m  [1m[34mSELECT  "users".* FROM "users" WHERE "users"."auth_token" = $1 LIMIT $2[0m  [["auth_token", "zC8q1VG7eqvfvFsv4NN24TAz"], ["LIMIT", 1]]
  ↳ app/controllers/users_controller.rb:10
  [1m[36mPost Load (0.2ms)[0m  [1m[34mSELECT "posts".* FROM "posts" WHERE "posts"."user_id" = $1[0m  [["user_id", 2]]
  ↳ app/controllers/users_controller.rb:12
Completed 200 OK in 3ms (Views: 1.0ms | ActiveRecord: 0.4ms)


Started GET "/posts" for 127.0.0.1 at 2019-03-05 14:39:19 -0500
Processing by PostsController#index as */*
  [1m[36mPost Load (0.3ms)[0m  [1m[34mSELECT "posts".* FROM "posts"[0m
  ↳ app/controllers/posts_controller.rb:6
Completed 200 OK in 2ms (Views: 1.4ms | ActiveRecord: 0.3ms)


Started GET "/profile" for 127.0.0.1 at 2019-03-05 14:39:24 -0500
Processing by UsersController#profile as */*
  [1m[36mUser Load (0.2ms)[0m  [1m[34mSELECT  "users".* FROM "users" WHERE "users"."auth_token" = $1 LIMIT $2[0m  [["auth_token", "zC8q1VG7eqvfvFsv4NN24TAz"], ["LIMIT", 1]]
  ↳ app/controllers/api_controller.rb:21
  [1m[36mCACHE User Load (0.0ms)[0m  [1m[34mSELECT  "users".* FROM "users" WHERE "users"."auth_token" = $1 LIMIT $2[0m  [["auth_token", "zC8q1VG7eqvfvFsv4NN24TAz"], ["LIMIT", 1]]
  ↳ app/controllers/users_controller.rb:10
  [1m[36mPost Load (0.2ms)[0m  [1m[34mSELECT "posts".* FROM "posts" WHERE "posts"."user_id" = $1[0m  [["user_id", 2]]
  ↳ app/controllers/users_controller.rb:12
Completed 200 OK in 3ms (Views: 0.9ms | ActiveRecord: 0.3ms)


Started GET "/posts" for 127.0.0.1 at 2019-03-05 15:05:29 -0500
Processing by PostsController#index as */*
  [1m[36mPost Load (0.9ms)[0m  [1m[34mSELECT "posts".* FROM "posts"[0m
  ↳ app/controllers/posts_controller.rb:6
Completed 200 OK in 6ms (Views: 1.8ms | ActiveRecord: 3.6ms)


Started GET "/posts" for 127.0.0.1 at 2019-03-05 15:05:36 -0500
Processing by PostsController#index as */*
  [1m[36mPost Load (0.3ms)[0m  [1m[34mSELECT "posts".* FROM "posts"[0m
  ↳ app/controllers/posts_controller.rb:6
Completed 200 OK in 3ms (Views: 2.2ms | ActiveRecord: 0.3ms)


Started POST "/login" for 127.0.0.1 at 2019-03-05 15:05:40 -0500
Processing by SessionsController#create as HTML
  Parameters: {"username"=>"caleb", "password"=>"[FILTERED]", "session"=>{"username"=>"caleb", "password"=>"[FILTERED]"}}
  [1m[36mUser Load (0.4ms)[0m  [1m[34mSELECT  "users".* FROM "users" WHERE "users"."username" = $1 LIMIT $2[0m  [["username", "caleb"], ["LIMIT", 1]]
  ↳ app/models/user.rb:20
  [1m[35m (0.2ms)[0m  [1m[35mBEGIN[0m
  ↳ app/controllers/sessions_controller.rb:26
  [1m[36mUser Exists (0.4ms)[0m  [1m[34mSELECT  1 AS one FROM "users" WHERE "users"."username" = $1 AND "users"."id" != $2 LIMIT $3[0m  [["username", "caleb"], ["id", 2], ["LIMIT", 1]]
  ↳ app/controllers/sessions_controller.rb:26
  [1m[36mUser Update (0.5ms)[0m  [1m[33mUPDATE "users" SET "auth_token" = $1, "updated_at" = $2 WHERE "users"."id" = $3[0m  [["auth_token", "fQnWvyYrPq1n3sLS6nMDP2cU"], ["updated_at", "2019-03-05 20:05:40.621743"], ["id", 2]]
  ↳ app/controllers/sessions_controller.rb:26
  [1m[35m (1.2ms)[0m  [1m[35mCOMMIT[0m
  ↳ app/controllers/sessions_controller.rb:26
Completed 200 OK in 97ms (Views: 0.2ms | ActiveRecord: 4.1ms)


Started GET "/profile" for 127.0.0.1 at 2019-03-05 15:05:45 -0500
Processing by UsersController#profile as */*
  [1m[36mUser Load (0.3ms)[0m  [1m[34mSELECT  "users".* FROM "users" WHERE "users"."auth_token" = $1 LIMIT $2[0m  [["auth_token", "fQnWvyYrPq1n3sLS6nMDP2cU"], ["LIMIT", 1]]
  ↳ app/controllers/api_controller.rb:21
  [1m[36mCACHE User Load (0.0ms)[0m  [1m[34mSELECT  "users".* FROM "users" WHERE "users"."auth_token" = $1 LIMIT $2[0m  [["auth_token", "fQnWvyYrPq1n3sLS6nMDP2cU"], ["LIMIT", 1]]
  ↳ app/controllers/users_controller.rb:10
  [1m[36mPost Load (0.3ms)[0m  [1m[34mSELECT "posts".* FROM "posts" WHERE "posts"."user_id" = $1[0m  [["user_id", 2]]
  ↳ app/controllers/users_controller.rb:12
Completed 200 OK in 4ms (Views: 1.2ms | ActiveRecord: 0.6ms)


Started GET "/posts" for 127.0.0.1 at 2019-03-05 15:05:46 -0500
Processing by PostsController#index as */*
  [1m[36mPost Load (0.2ms)[0m  [1m[34mSELECT "posts".* FROM "posts"[0m
  ↳ app/controllers/posts_controller.rb:6
Completed 200 OK in 2ms (Views: 1.2ms | ActiveRecord: 0.2ms)


